-------------------------------------------------------------------------------
Test set: IntegrationTest
-------------------------------------------------------------------------------
Tests run: 7, Failures: 1, Errors: 0, Skipped: 0, Time elapsed: 0.363 s <<< FAILURE! - in IntegrationTest
canNot_Repost_Advert_For_Free_Test_UserId_Is_Not_Private  Time elapsed: 0.044 s  <<< FAILURE!
org.opentest4j.AssertionFailedError: Unexpected exception type thrown ==> expected: <java.lang.IllegalStateException> but was: <java.util.NoSuchElementException>
	at IntegrationTest.canNot_Repost_Advert_For_Free_Test_UserId_Is_Not_Private(IntegrationTest.java:159)
Caused by: java.util.NoSuchElementException: User with id 15not found
	at IntegrationTest.lambda$canNot_Repost_Advert_For_Free_Test_UserId_Is_Not_Private$0(IntegrationTest.java:160)
	at IntegrationTest.canNot_Repost_Advert_For_Free_Test_UserId_Is_Not_Private(IntegrationTest.java:159)

