<?xml version="1.0" encoding="UTF-8"?>
<testsuite xmlns:xsi="http://www.w3.org/2001/XMLSchema-instance" xsi:noNamespaceSchemaLocation="https://maven.apache.org/surefire/maven-surefire-plugin/xsd/surefire-test-report.xsd" name="IntegrationTest" time="0.281" tests="5" errors="0" skipped="0" failures="0">
  <properties>
[...]
</properties>
  <testcase name="canNot_Repost_For_Free_Test_Has_Got_Some_Active_Adverts" classname="IntegrationTest" time="0.172"/>
  <testcase name="can_Repost_For_Free_Test" classname="IntegrationTest" time="0"/>
  <testcase name="get_Adverts_New_Seller_id_Test" classname="IntegrationTest" time="0.016"/>
  <testcase name="get_adverts_test" classname="IntegrationTest" time="0.047"/>
  <testcase name="canNot_Repost_For_Free_Test_UserId_Is_Not_Private" classname="IntegrationTest" time="0"/>
</testsuite>