<?xml version="1.0" encoding="UTF-8"?>
<testsuite xmlns:xsi="http://www.w3.org/2001/XMLSchema-instance" xsi:noNamespaceSchemaLocation="https://maven.apache.org/surefire/maven-surefire-plugin/xsd/surefire-test-report.xsd" name="IntegrationTest" time="0.363" tests="7" errors="0" skipped="0" failures="1">
  <properties>
[...]
</properties>
  <testcase name="repost_Advert_For_Free_Test" classname="IntegrationTest" time="0.208"/>
  <testcase name="canNot_Repost_Advert_For_Free_Test_UserId_Is_Not_Private" classname="IntegrationTest" time="0.044">
    <failure message="Unexpected exception type thrown ==&gt; expected: &lt;java.lang.IllegalStateException&gt; but was: &lt;java.util.NoSuchElementException&gt;" type="org.opentest4j.AssertionFailedError"><![CDATA[org.opentest4j.AssertionFailedError: Unexpected exception type thrown ==> expected: <java.lang.IllegalStateException> but was: <java.util.NoSuchElementException>
	at IntegrationTest.canNot_Repost_Advert_For_Free_Test_UserId_Is_Not_Private(IntegrationTest.java:159)
Caused by: java.util.NoSuchElementException: User with id 15not found
	at IntegrationTest.lambda$canNot_Repost_Advert_For_Free_Test_UserId_Is_Not_Private$0(IntegrationTest.java:160)
	at IntegrationTest.canNot_Repost_Advert_For_Free_Test_UserId_Is_Not_Private(IntegrationTest.java:159)
]]></failure>
    <system-out><![CDATA[Hello User ###false
]]></system-out>
  </testcase>
  <testcase name="canNot_Repost_Advert_For_Free_Test_Missing_UserID" classname="IntegrationTest" time="0.009"/>
  <testcase name="canNot_Repost_Advert_For_Free_Test_Has_Got_Some_Active_Adverts" classname="IntegrationTest" time="0.004"/>
  <testcase name="get_Adverts_New_Seller_id_Test" classname="IntegrationTest" time="0.003"/>
  <testcase name="get_adverts_test" classname="IntegrationTest" time="0.013"/>
  <testcase name="canNot_Repost_Advert_For_Free_Test_Missing_AdvertID" classname="IntegrationTest" time="0.003"/>
</testsuite>